{"level":"info","message":"GET /api/auth/me","service":"user-service"}
{"level":"info","message":"GET /api/auth/me","service":"user-service"}
{"level":"info","message":"GET /api/auth/me","service":"user-service"}
{"level":"info","message":"POST /api/auth/signin","service":"user-service"}
{"level":"info","message":"GET /api/post","service":"user-service"}
{"level":"info","message":"GET /api/post/66d54df0247da681d8c46669","service":"user-service"}
{"level":"info","message":"GET /api/post","service":"user-service"}
{"level":"info","message":"GET /api/user/posts","service":"user-service"}
{"level":"info","message":"GET /api/post","service":"user-service"}
{"level":"info","message":"GET /api/post/66d54df0247da681d8c46669","service":"user-service"}
{"level":"info","message":"GET /api/post","service":"user-service"}
{"level":"info","message":"GET /api/auth/signout","service":"user-service"}
{"level":"info","message":"GET /api/auth/me","service":"user-service"}
{"level":"info","message":"POST /api/auth/signin","service":"user-service"}
{"level":"info","message":"GET /api/post","service":"user-service"}
{"level":"info","message":"GET /api/auth/signout","service":"user-service"}
{"level":"info","message":"POST /api/auth/signin","service":"user-service"}
{"level":"info","message":"GET /api/post","service":"user-service"}
{"level":"info","message":"GET /api/auth/signout","service":"user-service"}
{"level":"info","message":"POST /api/auth/signin","service":"user-service"}
{"level":"info","message":"GET /api/post","service":"user-service"}
{"level":"info","message":"GET /api/post/66d54df0247da681d8c46669","service":"user-service"}
{"level":"info","message":"GET /api/post","service":"user-service"}
{"level":"info","message":"GET /api/post/66d5a54603868b23008a2ea2","service":"user-service"}
{"level":"info","message":"GET /api/post","service":"user-service"}
{"level":"info","message":"GET /api/user/posts","service":"user-service"}
{"level":"info","message":"PUT /api/post/66d5a54603868b23008a2ea2","service":"user-service"}
{"level":"info","message":"GET /api/post","service":"user-service"}
{"level":"info","message":"GET /api/post/66d5a54603868b23008a2ea2","service":"user-service"}
{"level":"info","message":"GET /api/post","service":"user-service"}
{"level":"info","message":"POST /api/post/create","service":"user-service"}
{"level":"info","message":"GET /api/post","service":"user-service"}
{"level":"info","message":"GET /api/auth/signout","service":"user-service"}
{"level":"info","message":"POST /api/auth/signup","service":"user-service"}
{"level":"info","message":"POST /api/auth/signin","service":"user-service"}
{"level":"info","message":"GET /api/post","service":"user-service"}
{"level":"info","message":"GET /api/post/66d5a54603868b23008a2ea2","service":"user-service"}
{"level":"info","message":"GET /api/post","service":"user-service"}
{"level":"info","message":"GET /api/post/66d7258e8198d74e99dbe048","service":"user-service"}
{"level":"info","message":"GET /api/post","service":"user-service"}
{"level":"info","message":"GET /api/user/posts","service":"user-service"}
{"level":"info","message":"GET /api/post","service":"user-service"}
{"level":"info","message":"GET /api/auth/me","service":"user-service"}
{"level":"info","message":"POST /api/auth/signin","service":"user-service"}
{"level":"info","message":"GET /api/post","service":"user-service"}
{"level":"info","message":"GET /api/post/66d54df0247da681d8c46669","service":"user-service"}
{"level":"info","message":"GET /api/post","service":"user-service"}
{"level":"info","message":"GET /api/user/posts","service":"user-service"}
{"level":"info","message":"GET /api/post/66d7258e8198d74e99dbe048","service":"user-service"}
{"level":"info","message":"GET /api/user/posts","service":"user-service"}
{"level":"info","message":"PUT /api/post/66d7258e8198d74e99dbe048","service":"user-service"}
{"level":"info","message":"DELETE /api/post/66d7258e8198d74e99dbe048","service":"user-service"}
{"level":"info","message":"POST /api/post/create","service":"user-service"}
{"level":"info","message":"GET /api/post","service":"user-service"}
{"level":"info","message":"GET /api/auth/me","service":"user-service"}
{"level":"info","message":"GET /api/post","service":"user-service"}
{"level":"info","message":"GET /api/post/66d8adb822a25231b525b283","service":"user-service"}
{"level":"info","message":"GET /api/user/posts","service":"user-service"}
{"level":"info","message":"DELETE /api/post/66d8adb822a25231b525b283","service":"user-service"}
{"level":"info","message":"GET /api/post/66d5a54603868b23008a2ea2","service":"user-service"}
{"level":"info","message":"GET /api/user/posts","service":"user-service"}
{"level":"info","message":"GET /api/auth/signout","service":"user-service"}
{"level":"info","message":"POST /api/auth/signup","service":"user-service"}
{"level":"info","message":"POST /api/auth/signin","service":"user-service"}
{"level":"info","message":"GET /api/post","service":"user-service"}
{"level":"info","message":"GET /api/auth/signout","service":"user-service"}
{"level":"info","message":"GET /api/auth/me","service":"user-service"}
{"level":"info","message":"POST /api/auth/signin","service":"user-service"}
{"level":"info","message":"GET /api/post","service":"user-service"}
{"level":"info","message":"POST /api/post/create","service":"user-service"}
{"level":"info","message":"GET /api/post","service":"user-service"}
{"level":"info","message":"GET /api/auth/me","service":"user-service"}
{"level":"info","message":"GET /api/post","service":"user-service"}
{"level":"info","message":"POST /api/post/create","service":"user-service"}
{"level":"info","message":"GET /api/auth/me","service":"user-service"}
{"level":"info","message":"POST /api/post/create","service":"user-service"}
{"level":"info","message":"GET /api/post","service":"user-service"}
{"level":"info","message":"POST /api/post/create","service":"user-service"}
{"level":"info","message":"GET /api/post","service":"user-service"}
{"level":"info","message":"GET /api/auth/me","service":"user-service"}
{"level":"info","message":"POST /api/post/create","service":"user-service"}
{"level":"info","message":"GET /api/post","service":"user-service"}
{"level":"info","message":"GET /api/auth/me","service":"user-service"}
{"level":"info","message":"GET /api/post","service":"user-service"}
{"level":"info","message":"POST /api/post/create","service":"user-service"}
{"level":"info","message":"GET /api/post","service":"user-service"}
{"level":"info","message":"GET /api/post/66d54df0247da681d8c46669","service":"user-service"}
{"level":"info","message":"GET /api/post","service":"user-service"}
{"level":"info","message":"POST /api/post/create","service":"user-service"}
{"level":"info","message":"GET /api/post","service":"user-service"}
{"level":"info","message":"POST /api/post/create","service":"user-service"}
{"level":"info","message":"GET /api/post","service":"user-service"}
{"level":"info","message":"GET /api/auth/me","service":"user-service"}
{"level":"info","message":"POST /api/auth/signin","service":"user-service"}
{"level":"info","message":"GET /api/post","service":"user-service"}
{"level":"info","message":"GET /api/auth/me","service":"user-service"}
{"level":"info","message":"GET /api/post","service":"user-service"}
{"level":"info","message":"GET /api/auth/me","service":"user-service"}
{"level":"info","message":"GET /api/post","service":"user-service"}
{"level":"info","message":"GET /api/auth/me","service":"user-service"}
{"level":"info","message":"GET /api/post","service":"user-service"}
{"level":"info","message":"GET /api/auth/me","service":"user-service"}
{"level":"info","message":"GET /api/post","service":"user-service"}
{"level":"info","message":"GET /api/auth/me","service":"user-service"}
{"level":"info","message":"GET /api/post","service":"user-service"}
{"level":"info","message":"GET /api/auth/me","service":"user-service"}
{"level":"info","message":"GET /api/post","service":"user-service"}
{"level":"info","message":"GET /api/auth/me","service":"user-service"}
{"level":"info","message":"GET /api/post","service":"user-service"}
{"level":"info","message":"GET /api/auth/me","service":"user-service"}
{"level":"info","message":"GET /api/post","service":"user-service"}
{"level":"info","message":"GET /api/auth/me","service":"user-service"}
{"level":"info","message":"GET /api/post","service":"user-service"}
{"level":"info","message":"GET /api/auth/me","service":"user-service"}
{"level":"info","message":"GET /api/post","service":"user-service"}
{"level":"info","message":"GET /api/auth/me","service":"user-service"}
{"level":"info","message":"GET /api/post","service":"user-service"}
{"level":"info","message":"GET /api/auth/me","service":"user-service"}
{"level":"info","message":"GET /api/post","service":"user-service"}
{"level":"info","message":"GET /api/post/66d5a54603868b23008a2ea2","service":"user-service"}
{"level":"info","message":"GET /api/post","service":"user-service"}
{"level":"info","message":"GET /api/post/66d54df0247da681d8c46669","service":"user-service"}
{"level":"info","message":"GET /api/post/66d54df0247da681d8c46669","service":"user-service"}
{"level":"info","message":"GET /api/post","service":"user-service"}
{"level":"info","message":"GET /api/post/66d54df0247da681d8c46669","service":"user-service"}
{"level":"info","message":"GET /api/post","service":"user-service"}
{"level":"info","message":"GET /api/user/posts","service":"user-service"}
{"level":"info","message":"GET /api/user/posts","service":"user-service"}
{"level":"info","message":"GET /api/auth/me","service":"user-service"}
{"level":"info","message":"GET /api/user/posts","service":"user-service"}
{"level":"info","message":"GET /api/post","service":"user-service"}
{"level":"info","message":"GET /api/post","service":"user-service"}
{"level":"info","message":"GET /api/post","service":"user-service"}
{"level":"info","message":"GET /api/post","service":"user-service"}
{"level":"info","message":"GET /api/auth/me","service":"user-service"}
{"level":"info","message":"GET /api/post","service":"user-service"}
{"level":"info","message":"GET /api/post","service":"user-service"}
{"level":"info","message":"GET /api/post","service":"user-service"}
{"level":"info","message":"GET /api/post","service":"user-service"}
{"level":"info","message":"GET /api/post","service":"user-service"}
{"level":"info","message":"GET /api/auth/me","service":"user-service"}
{"level":"info","message":"GET /api/post","service":"user-service"}
{"level":"info","message":"GET /api/post?page=1&limit=9","service":"user-service"}
{"level":"info","message":"GET /api/post?page=1&limit=5","service":"user-service"}
{"level":"info","message":"GET /api/auth/me","service":"user-service"}
{"level":"info","message":"GET /api/post?page=1&limit=5","service":"user-service"}
{"level":"info","message":"GET /api/auth/me","service":"user-service"}
{"level":"info","message":"GET /api/post?page=1&limit=5","service":"user-service"}
{"level":"info","message":"GET /api/post?page=1&limit=5","service":"user-service"}
{"level":"info","message":"GET /api/post?page=2&limit=5","service":"user-service"}
{"level":"info","message":"GET /api/post?page=1&limit=5","service":"user-service"}
{"level":"info","message":"GET /api/user/posts","service":"user-service"}
{"level":"info","message":"GET /api/user/posts?page=1&limit=5&search=","service":"user-service"}
{"level":"info","message":"GET /api/user/posts?page=1&limit=2&search=","service":"user-service"}
{"level":"info","message":"GET /api/user/posts?page=1&limit=1&search=","service":"user-service"}
{"level":"info","message":"GET /api/user/posts?page=1&limit=5&search=","service":"user-service"}
{"level":"info","message":"GET /api/auth/me","service":"user-service"}
{"level":"info","message":"GET /api/user/posts?page=1&limit=5&search=","service":"user-service"}
{"level":"info","message":"GET /api/user/posts?page=1&limit=5&search=j","service":"user-service"}
{"level":"info","message":"GET /api/user/posts?page=1&limit=5&search=","service":"user-service"}
{"level":"info","message":"GET /api/user/posts?page=1&limit=5&search=t","service":"user-service"}
{"level":"info","message":"GET /api/user/posts?page=1&limit=5&search=","service":"user-service"}
{"level":"info","message":"GET /api/user/posts?page=1&limit=5&search=k","service":"user-service"}
{"level":"info","message":"GET /api/user/posts?page=1&limit=5&search=","service":"user-service"}
{"level":"info","message":"GET /api/user/posts?page=1&limit=5&search=t","service":"user-service"}
{"level":"info","message":"GET /api/user/posts?page=1&limit=5&search=","service":"user-service"}
{"level":"info","message":"GET /api/user/posts?page=1&limit=5&search=","service":"user-service"}
{"level":"info","message":"GET /api/post?page=1&limit=5","service":"user-service"}
{"level":"info","message":"GET /api/post?page=2&limit=5","service":"user-service"}
{"level":"info","message":"GET /api/post?page=1&limit=5","service":"user-service"}
{"level":"info","message":"GET /api/post?page=1&limit=1","service":"user-service"}
{"level":"info","message":"GET /api/post?page=1&limit=10","service":"user-service"}
{"level":"info","message":"GET /api/post?page=1&limit=5","service":"user-service"}
{"level":"info","message":"GET /api/post?page=1&limit=6","service":"user-service"}
{"level":"info","message":"GET /api/post?page=1&limit=7","service":"user-service"}
{"level":"info","message":"GET /api/post?page=1&limit=7","service":"user-service"}
{"level":"info","message":"GET /api/post?page=1&limit=7","service":"user-service"}
{"level":"info","message":"GET /api/user/posts?page=1&limit=5&search=","service":"user-service"}
{"level":"info","message":"GET /api/post?page=1&limit=7","service":"user-service"}
{"level":"info","message":"GET /api/post?page=2&limit=7","service":"user-service"}
{"level":"info","message":"GET /api/user/posts?page=1&limit=5&search=","service":"user-service"}
{"level":"info","message":"PUT /api/post/66d5a59f03868b23008a2ead","service":"user-service"}
{"level":"info","message":"GET /api/user/posts?page=1&limit=5&search=","service":"user-service"}
{"level":"info","message":"GET /api/post?page=1&limit=7","service":"user-service"}
{"level":"info","message":"GET /api/post/6705a05f32c4a6223ea8b96e","service":"user-service"}
{"level":"info","message":"GET /api/post?page=1&limit=7","service":"user-service"}
{"level":"info","message":"GET /api/post?page=1&limit=7","service":"user-service"}
{"level":"info","message":"GET /api/auth/me","service":"user-service"}
{"level":"info","message":"POST /api/auth/signin","service":"user-service"}
{"level":"info","message":"GET /api/post?page=1&limit=7","service":"user-service"}
{"level":"info","message":"GET /api/auth/me","service":"user-service"}
{"level":"info","message":"GET /api/post?page=1&limit=7","service":"user-service"}
{"level":"info","message":"GET /api/auth/me","service":"user-service"}
{"level":"info","message":"GET /api/post?page=1&limit=7","service":"user-service"}
{"level":"info","message":"GET /api/auth/logout","service":"user-service"}
{"level":"info","message":"GET /api/auth/logout","service":"user-service"}
{"level":"info","message":"GET /api/auth/signout","service":"user-service"}
{"level":"info","message":"GET /api/auth/me","service":"user-service"}
{"level":"info","message":"POST /api/auth/signin","service":"user-service"}
{"level":"info","message":"POST /api/auth/signin","service":"user-service"}
{"level":"info","message":"POST /api/auth/signin","service":"user-service"}
{"level":"info","message":"GET /api/post?page=1&limit=7","service":"user-service"}
{"level":"info","message":"GET /api/auth/signout","service":"user-service"}
{"level":"info","message":"GET /api/auth/me","service":"user-service"}
{"level":"info","message":"POST /api/auth/signin","service":"user-service"}
{"level":"info","message":"GET /api/post?page=1&limit=7","service":"user-service"}
{"level":"info","message":"GET /api/auth/signout","service":"user-service"}
{"level":"info","message":"GET /api/post?page=1&limit=7","service":"user-service"}
{"level":"info","message":"GET /api/auth/me","service":"user-service"}
{"level":"info","message":"POST /api/auth/signin","service":"user-service"}
{"level":"info","message":"GET /api/post?page=1&limit=7","service":"user-service"}
{"level":"info","message":"GET /api/auth/signout","service":"user-service"}
{"level":"info","message":"GET /api/post?page=1&limit=7","service":"user-service"}
{"level":"info","message":"GET /api/auth/me","service":"user-service"}
{"level":"info","message":"POST /api/auth/signin","service":"user-service"}
{"level":"info","message":"GET /api/post?page=1&limit=7","service":"user-service"}
{"level":"info","message":"GET /api/auth/signout","service":"user-service"}
{"level":"info","message":"GET /api/post?page=1&limit=7","service":"user-service"}
{"level":"info","message":"GET /api/post?page=1&limit=7","service":"user-service"}
{"level":"info","message":"GET /api/auth/me","service":"user-service"}
{"level":"info","message":"POST /api/auth/signin","service":"user-service"}
{"level":"info","message":"GET /api/post?page=1&limit=7","service":"user-service"}
{"level":"info","message":"GET /api/auth/signout","service":"user-service"}
{"level":"info","message":"GET /api/post?page=1&limit=7","service":"user-service"}
{"level":"info","message":"GET /api/auth/me","service":"user-service"}
{"level":"info","message":"POST /api/auth/signin","service":"user-service"}
{"level":"info","message":"GET /api/post?page=1&limit=7","service":"user-service"}
{"level":"info","message":"GET /api/auth/signout","service":"user-service"}
{"level":"info","message":"GET /api/auth/me","service":"user-service"}
{"level":"info","message":"GET /api/auth/me","service":"user-service"}
{"level":"info","message":"POST /api/auth/signin","service":"user-service"}
{"level":"info","message":"GET /api/post?page=1&limit=7","service":"user-service"}
{"level":"info","message":"GET /api/user/posts?page=1&limit=5&search=","service":"user-service"}
{"level":"info","message":"GET /api/user/posts?page=2&limit=5&search=","service":"user-service"}
{"level":"info","message":"GET /api/user/posts?page=1&limit=5&search=","service":"user-service"}
{"level":"info","message":"GET /api/auth/me","service":"user-service"}
{"level":"info","message":"POST /api/auth/signin","service":"user-service"}
{"level":"info","message":"GET /api/post?page=1&limit=7","service":"user-service"}
{"level":"info","message":"GET /api/post?page=1&limit=6","service":"user-service"}
{"level":"info","message":"GET /api/user/posts?page=1&limit=5&search=","service":"user-service"}
{"level":"info","message":"GET /api/user/posts?page=1&limit=2&search=","service":"user-service"}
{"level":"info","message":"GET /api/post?page=1&limit=6","service":"user-service"}
{"level":"info","message":"GET /api/post?page=2&limit=6","service":"user-service"}
{"level":"info","message":"GET /api/post?page=1&limit=6","service":"user-service"}
{"level":"info","message":"GET /api/post/67079c0fa118af5d6a960b9b","service":"user-service"}
{"level":"info","message":"GET /api/post?page=1&limit=6","service":"user-service"}
{"level":"info","message":"GET /api/post/67079bc1a118af5d6a960b96","service":"user-service"}
{"level":"info","message":"GET /api/post?page=1&limit=6","service":"user-service"}
{"level":"info","message":"GET /api/post/67079b66a118af5d6a960b8d","service":"user-service"}
{"level":"info","message":"GET /api/post?page=1&limit=6","service":"user-service"}
{"level":"info","message":"GET /api/user/posts?page=1&limit=2&search=","service":"user-service"}
{"level":"info","message":"PUT /api/post/67079b16a118af5d6a960b88","service":"user-service"}
{"level":"info","message":"GET /api/user/posts?page=1&limit=2&search=","service":"user-service"}
{"level":"info","message":"GET /api/post?page=1&limit=6","service":"user-service"}
{"level":"info","message":"POST /api/auth/signin","service":"user-service"}
